
> student-prediction-frontend@1.0.0 dev
> vite

[33mThe CJS build of Vite's Node API is deprecated. See https://vite.dev/guide/troubleshooting.html#vite-cjs-node-api-deprecated for more details.[39m

  VITE v5.4.21  ready in 388 ms

  ➜  Local:   http://localhost:3000/
  ➜  Network: use --host to expose
6:41:31 PM [vite] hmr update /src/pages/Login.jsx, /src/styles/tailwind.css
6:41:35 PM [vite] hmr update /src/pages/Login.jsx, /src/styles/tailwind.css
6:41:40 PM [vite] hmr update /src/App.jsx, /src/styles/tailwind.css
6:41:50 PM [vite] hmr update /src/App.jsx, /src/styles/tailwind.css
6:48:48 PM [vite] hmr update /src/pages/InputMarks.jsx, /src/styles/tailwind.css
6:48:55 PM [vite] hmr update /src/pages/InputMarks.jsx, /src/styles/tailwind.css
6:49:04 PM [vite] hmr update /src/pages/Overview.jsx, /src/styles/tailwind.css
6:49:17 PM [vite] hmr update /src/pages/Overview.jsx, /src/styles/tailwind.css
6:55:38 PM [vite] hmr update /src/pages/Overview.jsx, /src/styles/tailwind.css
6:55:43 PM [vite] hmr update /src/pages/Overview.jsx, /src/styles/tailwind.css
6:56:31 PM [vite] hmr update /src/pages/InputMarks.jsx, /src/styles/tailwind.css
6:56:33 PM [vite] hmr update /src/pages/InputMarks.jsx, /src/styles/tailwind.css
7:02:07 PM [vite] hmr update /src/pages/InputMarks.jsx, /src/styles/tailwind.css
7:02:09 PM [vite] hmr update /src/pages/InputMarks.jsx, /src/styles/tailwind.css
7:21:23 PM [vite] hmr update /src/pages/Overview.jsx, /src/styles/tailwind.css
7:21:44 PM [vite] hmr update /src/pages/Overview.jsx, /src/styles/tailwind.css
7:23:32 PM [vite] hmr update /src/pages/Analysis.jsx, /src/styles/tailwind.css
7:23:45 PM [vite] hmr update /src/pages/Analysis.jsx, /src/styles/tailwind.css
7:23:45 PM [vite] hmr update /src/components/MidtermComparison.jsx, /src/styles/tailwind.css
7:24:59 PM [vite] hmr update /src/components/StatCard.jsx, /src/styles/tailwind.css
7:25:02 PM [vite] hmr update /src/components/StatCard.jsx, /src/styles/tailwind.css
7:25:08 PM [vite] page reload src/pages/Dashboard.jsx
7:25:11 PM [vite] page reload src/pages/Dashboard.jsx
7:25:27 PM [vite] hmr update /src/pages/Overview.jsx, /src/styles/tailwind.css
7:25:28 PM [vite] hmr update /src/pages/Overview.jsx, /src/styles/tailwind.css
